Exporter version: 5.4.0, Blender version: 2.78 (sub 0)
========= Conversion from Blender to Babylon.js =========
	Scene settings used:
		selected layers only:  false
		flat shading entire scene:  false
		inline textures:  false
		texture directory:  /Users/jocolopes/code/site/src/server/public/
	Python World class constructor completed
	processing begun of camera (UniversalCamera):  camBlender
	processing begun of mesh:  glasses
		processing begun of Standard material:  Material.003
		processing begun of Standard material:  Material.001
		processing begun of multimaterial:  dglasses_3.Multimaterial#0
		num positions      :  610
		num normals        :  610
		num uvs            :  0
		num uvs2           :  0
		num colors         :  0
		num indices        :  3636
		WARNING: # of 0 area faces found:  148
	processing begun of light (POINT):  lightBlender
========= Writing of scene file started =========
========= Writing of scene file completed =========
========= end of processing =========
elapsed time:  0 min, 0.063 secs
